\BOOKMARK [1][-]{section.1}{Highlights}{}% 1
\BOOKMARK [1][-]{section.2}{Education}{}% 2
\BOOKMARK [1][-]{section.3}{Skills}{}% 3
\BOOKMARK [1][-]{section.4}{Projects}{}% 4
\BOOKMARK [2][-]{subsection.4.1}{1- Pharmaceutical Drug review - A machine learning \046 data analysis [Python Code]Jan 2022}{section.4}% 5
\BOOKMARK [2][-]{subsection.4.2}{2- Breast cancer diagnosis using Machine Learning [Python Code]Jan 2022}{section.4}% 6
\BOOKMARK [2][-]{subsection.4.3}{1- Sizing of Charging Stations Co-located with Solar Panel and Battery Storage Oct 2021}{section.4}% 7
\BOOKMARK [2][-]{subsection.4.4}{2- Rooftop solar panel sizing detection using deep learning [Hackathon 1st runner up winner!] Jun 2021}{section.4}% 8
\BOOKMARK [2][-]{subsection.4.5}{C Coding in Linux [C Code] Feb 2021}{section.4}% 9
\BOOKMARK [2][-]{subsection.4.6}{Simulator for systems with queues [Python Code] Mar 2021}{section.4}% 10
\BOOKMARK [1][-]{section.5}{Work Experience}{}% 11
\BOOKMARK [2][-]{subsection.5.1}{Machine Learning Researcher Sep 2020 \204 Present}{section.5}% 12
\BOOKMARK [2][-]{subsection.5.2}{Python Teaching AssistantSep 2020 \204 Dec 2020}{section.5}% 13
\BOOKMARK [2][-]{subsection.5.3}{Data Science Researcher Dec 2019 \204 Jun 2020}{section.5}% 14
\BOOKMARK [2][-]{subsection.5.4}{Test Tech Lead Jul 2019 \204 Nov 2019}{section.5}% 15
\BOOKMARK [2][-]{subsection.5.5}{Senior Teaching Instructor Sep 2018 \204 Sep 2019}{section.5}% 16
\BOOKMARK [2][-]{subsection.5.6}{National Elite Researcher in Electrical Engineering Sep 2012 \204 Sep 2015}{section.5}% 17
\BOOKMARK [2][-]{subsection.5.7}{Solar Panel Design ConsultantJan 2012 \204 May 2012}{section.5}% 18
\BOOKMARK [1][-]{section.6}{Related Courses}{}% 19
\BOOKMARK [2][-]{subsection.6.1}{Certificates:}{section.6}% 20
\BOOKMARK [1][-]{section.7}{Leadership Activities}{}% 21
\BOOKMARK [1][-]{section.8}{Achievements}{}% 22
