\BOOKMARK [1][-]{section.1}{Highlights}{}% 1
\BOOKMARK [1][-]{section.2}{Skills}{}% 2
\BOOKMARK [1][-]{section.3}{Projects}{}% 3
\BOOKMARK [2][-]{subsection.3.1}{1- Pharmaceutical Drug review - A machine learning \046 data analysis [Python Code]}{section.3}% 4
\BOOKMARK [2][-]{subsection.3.2}{2- Breast cancer diagnosis using Machine Learning [Python Code]}{section.3}% 5
\BOOKMARK [2][-]{subsection.3.3}{1- Sizing of Charging Stations Co-located with Solar Panel and Battery Storage}{section.3}% 6
\BOOKMARK [2][-]{subsection.3.4}{2- Rooftop solar panel sizing detection using deep learning models [Hackathon 1st runner up winner!]}{section.3}% 7
\BOOKMARK [2][-]{subsection.3.5}{C Coding in Linux [C Code]}{section.3}% 8
\BOOKMARK [2][-]{subsection.3.6}{Simulator for systems with queues [Python Code]}{section.3}% 9
\BOOKMARK [1][-]{section.4}{Work Experience}{}% 10
\BOOKMARK [2][-]{subsection.4.1}{Machine Learning Researcher Sep 2020 \204 Present}{section.4}% 11
\BOOKMARK [2][-]{subsection.4.2}{Python Teaching AssistantSep 2020 \204 Dec 2020}{section.4}% 12
\BOOKMARK [2][-]{subsection.4.3}{Data Science Researcher Dec 2019 \204 Jun 2020}{section.4}% 13
\BOOKMARK [2][-]{subsection.4.4}{Test Tech Lead Jul 2019 \204 Nov 2019}{section.4}% 14
\BOOKMARK [2][-]{subsection.4.5}{Senior Teaching Instructor Sep 2018 \204 Sep 2019}{section.4}% 15
\BOOKMARK [2][-]{subsection.4.6}{National Elite Researcher in Electrical Engineering Sep 2012 \204 Sep 2015}{section.4}% 16
\BOOKMARK [2][-]{subsection.4.7}{Solar Panel Design Engineer ConsultantJan 2012 \204 May 2012}{section.4}% 17
\BOOKMARK [1][-]{section.5}{Education}{}% 18
\BOOKMARK [1][-]{section.6}{Related Courses}{}% 19
\BOOKMARK [2][-]{subsection.6.1}{Certificates:}{section.6}% 20
\BOOKMARK [1][-]{section.7}{Activities \046 Achievements}{}% 21
